<?xml version="1.0" encoding="UTF-8" ?>
<testsuite tests="12" failures="0" name="TestSuite" time="217.325" errors="0" skipped="0">
  <properties>
[...]
</properties>
  <testcase classname="Runner.TestRunner" name="runScenario" time="15.182"/>
  <testcase classname="Runner.TestRunner" name="runScenario" time="9.594"/>
  <testcase classname="Runner.TestRunner" name="runScenario" time="8.17"/>
  <testcase classname="Runner.TestRunner" name="runScenario" time="9.297"/>
  <testcase classname="Runner.TestRunner" name="runScenario" time="10.757"/>
  <testcase classname="Runner.TestRunner" name="runScenario" time="11.522"/>
  <testcase classname="Runner.TestRunner" name="runScenario" time="9.6"/>
  <testcase classname="Runner.TestRunner" name="runScenario" time="13.34"/>
  <testcase classname="Runner.TestRunner" name="runScenario" time="29.257"/>
  <testcase classname="Runner.TestRunner" name="runScenario" time="32.144"/>
  <testcase classname="Runner.TestRunner" name="runScenario" time="30.93"/>
  <testcase classname="Runner.TestRunner" name="runScenario" time="37.532"/>
</testsuite>