<?xml version="1.0" encoding="UTF-8"?>
<testng-results ignored="0" total="12" passed="12" failed="0" skipped="0">
  <reporter-output>
  </reporter-output>
  <suite started-at="2022-05-08T21:26:46 EET" name="Command line suite" finished-at="2022-05-08T21:30:16 EET" duration-ms="209705">
    <groups>
      <group name="cucumber">
        <method signature="AbstractTestNGCucumberTests.runScenario(io.cucumber.testng.PickleWrapper,io.cucumber.testng.FeatureWrapper)[pri:0, instance:Runner.TestRunner@105fece7]" name="runScenario" class="io.cucumber.testng.AbstractTestNGCucumberTests"/>
      </group> <!-- cucumber -->
    </groups>
    <test started-at="2022-05-08T21:26:46 EET" name="Command line test" finished-at="2022-05-08T21:30:16 EET" duration-ms="209705">
      <class name="Runner.TestRunner">
        <test-method is-config="true" signature="setUpClass(org.testng.ITestContext)[pri:0, instance:Runner.TestRunner@105fece7]" started-at="2022-05-08T21:26:46 EET" name="setUpClass" finished-at="2022-05-08T21:26:47 EET" duration-ms="1209" status="PASS">
          <params>
            <param index="0">
              <value>
                <![CDATA[org.testng.TestRunner@1b10f60e]]>
              </value>
            </param>
          </params>
          <reporter-output>
          </reporter-output>
        </test-method> <!-- setUpClass -->
        <test-method signature="runScenario(io.cucumber.testng.PickleWrapper,io.cucumber.testng.FeatureWrapper)[pri:0, instance:Runner.TestRunner@105fece7]" started-at="2022-05-08T21:26:47 EET" name="runScenario" description="Runs Cucumber Scenarios" data-provider="scenarios" finished-at="2022-05-08T21:27:04 EET" duration-ms="16550" status="PASS">
          <params>
            <param index="0">
              <value>
                <![CDATA["User could register with valid data"]]>
              </value>
            </param>
            <param index="1">
              <value>
                <![CDATA["Test Sign Up , Log In and Reset Password"]]>
              </value>
            </param>
          </params>
          <reporter-output>
          </reporter-output>
        </test-method> <!-- runScenario -->
        <test-method signature="runScenario(io.cucumber.testng.PickleWrapper,io.cucumber.testng.FeatureWrapper)[pri:0, instance:Runner.TestRunner@105fece7]" started-at="2022-05-08T21:27:04 EET" name="runScenario" description="Runs Cucumber Scenarios" data-provider="scenarios" finished-at="2022-05-08T21:27:16 EET" duration-ms="12143" status="PASS">
          <params>
            <param index="0">
              <value>
                <![CDATA["User could reset password successfully"]]>
              </value>
            </param>
            <param index="1">
              <value>
                <![CDATA["User Can Reset Password"]]>
              </value>
            </param>
          </params>
          <reporter-output>
          </reporter-output>
        </test-method> <!-- runScenario -->
        <test-method signature="runScenario(io.cucumber.testng.PickleWrapper,io.cucumber.testng.FeatureWrapper)[pri:0, instance:Runner.TestRunner@105fece7]" started-at="2022-05-08T21:27:16 EET" name="runScenario" description="Runs Cucumber Scenarios" data-provider="scenarios" finished-at="2022-05-08T21:27:25 EET" duration-ms="9122" status="PASS">
          <params>
            <param index="0">
              <value>
                <![CDATA["User could log in with valid email and password"]]>
              </value>
            </param>
            <param index="1">
              <value>
                <![CDATA["Test Sign Up , Log In and Reset Password"]]>
              </value>
            </param>
          </params>
          <reporter-output>
          </reporter-output>
        </test-method> <!-- runScenario -->
        <test-method signature="runScenario(io.cucumber.testng.PickleWrapper,io.cucumber.testng.FeatureWrapper)[pri:0, instance:Runner.TestRunner@105fece7]" started-at="2022-05-08T21:27:25 EET" name="runScenario" description="Runs Cucumber Scenarios" data-provider="scenarios" finished-at="2022-05-08T21:27:35 EET" duration-ms="9653" status="PASS">
          <params>
            <param index="0">
              <value>
                <![CDATA["User Can Search for Product"]]>
              </value>
            </param>
            <param index="1">
              <value>
                <![CDATA["Logged User could search for any product"]]>
              </value>
            </param>
          </params>
          <reporter-output>
          </reporter-output>
        </test-method> <!-- runScenario -->
        <test-method signature="runScenario(io.cucumber.testng.PickleWrapper,io.cucumber.testng.FeatureWrapper)[pri:0, instance:Runner.TestRunner@105fece7]" started-at="2022-05-08T21:27:35 EET" name="runScenario" description="Runs Cucumber Scenarios" data-provider="scenarios" finished-at="2022-05-08T21:27:46 EET" duration-ms="11150" status="PASS">
          <params>
            <param index="0">
              <value>
                <![CDATA["User Can Switch between currencies"]]>
              </value>
            </param>
            <param index="1">
              <value>
                <![CDATA["Logged User could switch between currencies US-Euro"]]>
              </value>
            </param>
          </params>
          <reporter-output>
          </reporter-output>
        </test-method> <!-- runScenario -->
        <test-method signature="runScenario(io.cucumber.testng.PickleWrapper,io.cucumber.testng.FeatureWrapper)[pri:0, instance:Runner.TestRunner@105fece7]" started-at="2022-05-08T21:27:46 EET" name="runScenario" description="Runs Cucumber Scenarios" data-provider="scenarios" finished-at="2022-05-08T21:27:59 EET" duration-ms="13067" status="PASS">
          <params>
            <param index="0">
              <value>
                <![CDATA["User Can Select Category and Sub-Category"]]>
              </value>
            </param>
            <param index="1">
              <value>
                <![CDATA["Logged user could select different Categories"]]>
              </value>
            </param>
          </params>
          <reporter-output>
          </reporter-output>
        </test-method> <!-- runScenario -->
        <test-method signature="runScenario(io.cucumber.testng.PickleWrapper,io.cucumber.testng.FeatureWrapper)[pri:0, instance:Runner.TestRunner@105fece7]" started-at="2022-05-08T21:27:59 EET" name="runScenario" description="Runs Cucumber Scenarios" data-provider="scenarios" finished-at="2022-05-08T21:28:12 EET" duration-ms="13637" status="PASS">
          <params>
            <param index="0">
              <value>
                <![CDATA["User Can Filter Product with Color"]]>
              </value>
            </param>
            <param index="1">
              <value>
                <![CDATA["Logged user could filter with color"]]>
              </value>
            </param>
          </params>
          <reporter-output>
          </reporter-output>
        </test-method> <!-- runScenario -->
        <test-method signature="runScenario(io.cucumber.testng.PickleWrapper,io.cucumber.testng.FeatureWrapper)[pri:0, instance:Runner.TestRunner@105fece7]" started-at="2022-05-08T21:28:12 EET" name="runScenario" description="Runs Cucumber Scenarios" data-provider="scenarios" finished-at="2022-05-08T21:28:27 EET" duration-ms="14305" status="PASS">
          <params>
            <param index="0">
              <value>
                <![CDATA["User can Filter with Tags"]]>
              </value>
            </param>
            <param index="1">
              <value>
                <![CDATA["Logged user could select different tags"]]>
              </value>
            </param>
          </params>
          <reporter-output>
          </reporter-output>
        </test-method> <!-- runScenario -->
        <test-method signature="runScenario(io.cucumber.testng.PickleWrapper,io.cucumber.testng.FeatureWrapper)[pri:0, instance:Runner.TestRunner@105fece7]" started-at="2022-05-08T21:28:27 EET" name="runScenario" description="Runs Cucumber Scenarios" data-provider="scenarios" finished-at="2022-05-08T21:28:49 EET" duration-ms="21806" status="PASS">
          <params>
            <param index="0">
              <value>
                <![CDATA["add different products to Shopping cart"]]>
              </value>
            </param>
            <param index="1">
              <value>
                <![CDATA["Logged user could add different products to Shopping cart"]]>
              </value>
            </param>
          </params>
          <reporter-output>
          </reporter-output>
        </test-method> <!-- runScenario -->
        <test-method signature="runScenario(io.cucumber.testng.PickleWrapper,io.cucumber.testng.FeatureWrapper)[pri:0, instance:Runner.TestRunner@105fece7]" started-at="2022-05-08T21:28:49 EET" name="runScenario" description="Runs Cucumber Scenarios" data-provider="scenarios" finished-at="2022-05-08T21:29:11 EET" duration-ms="22700" status="PASS">
          <params>
            <param index="0">
              <value>
                <![CDATA["add different products to Wishlist"]]>
              </value>
            </param>
            <param index="1">
              <value>
                <![CDATA["Logged user could add different products to Wishlist"]]>
              </value>
            </param>
          </params>
          <reporter-output>
          </reporter-output>
        </test-method> <!-- runScenario -->
        <test-method signature="runScenario(io.cucumber.testng.PickleWrapper,io.cucumber.testng.FeatureWrapper)[pri:0, instance:Runner.TestRunner@105fece7]" started-at="2022-05-08T21:29:11 EET" name="runScenario" description="Runs Cucumber Scenarios" data-provider="scenarios" finished-at="2022-05-08T21:29:35 EET" duration-ms="23403" status="PASS">
          <params>
            <param index="0">
              <value>
                <![CDATA["add different products to Wishlist"]]>
              </value>
            </param>
            <param index="1">
              <value>
                <![CDATA["Logged user could add different products to compare list"]]>
              </value>
            </param>
          </params>
          <reporter-output>
          </reporter-output>
        </test-method> <!-- runScenario -->
        <test-method signature="runScenario(io.cucumber.testng.PickleWrapper,io.cucumber.testng.FeatureWrapper)[pri:0, instance:Runner.TestRunner@105fece7]" started-at="2022-05-08T21:29:35 EET" name="runScenario" description="Runs Cucumber Scenarios" data-provider="scenarios" finished-at="2022-05-08T21:30:15 EET" duration-ms="40786" status="PASS">
          <params>
            <param index="0">
              <value>
                <![CDATA["User Can Make Order"]]>
              </value>
            </param>
            <param index="1">
              <value>
                <![CDATA["Logged User can Create Successful Order"]]>
              </value>
            </param>
          </params>
          <reporter-output>
          </reporter-output>
        </test-method> <!-- runScenario -->
        <test-method is-config="true" signature="tearDownClass()[pri:0, instance:Runner.TestRunner@105fece7]" started-at="2022-05-08T21:30:15 EET" name="tearDownClass" finished-at="2022-05-08T21:30:16 EET" duration-ms="104" status="PASS">
          <reporter-output>
          </reporter-output>
        </test-method> <!-- tearDownClass -->
      </class> <!-- Runner.TestRunner -->
    </test> <!-- Command line test -->
  </suite> <!-- Command line suite -->
</testng-results>
