<?xml version="1.0" encoding="UTF-8" ?>
<testsuite tests="12" failures="0" name="TestSuite" time="208.325" errors="0" skipped="0">
  <properties>
[...]
</properties>
  <testcase classname="Runner.TestRunner" name="runScenario" time="16.556"/>
  <testcase classname="Runner.TestRunner" name="runScenario" time="12.137"/>
  <testcase classname="Runner.TestRunner" name="runScenario" time="9.122"/>
  <testcase classname="Runner.TestRunner" name="runScenario" time="9.653"/>
  <testcase classname="Runner.TestRunner" name="runScenario" time="11.151"/>
  <testcase classname="Runner.TestRunner" name="runScenario" time="13.068"/>
  <testcase classname="Runner.TestRunner" name="runScenario" time="13.637"/>
  <testcase classname="Runner.TestRunner" name="runScenario" time="14.305"/>
  <testcase classname="Runner.TestRunner" name="runScenario" time="21.807"/>
  <testcase classname="Runner.TestRunner" name="runScenario" time="22.7"/>
  <testcase classname="Runner.TestRunner" name="runScenario" time="23.403"/>
  <testcase classname="Runner.TestRunner" name="runScenario" time="40.786"/>
</testsuite>